<?xml version="1.0" encoding="UTF-8"?>
<testng-results skipped="0" failed="0" ignored="0" total="1" passed="1">
  <reporter-output>
  </reporter-output>
  <suite name="Default suite" duration-ms="11185" started-at="2022-09-26T13:22:32 IST" finished-at="2022-09-26T13:22:44 IST">
    <groups>
    </groups>
    <test name="Default test" duration-ms="11185" started-at="2022-09-26T13:22:32 IST" finished-at="2022-09-26T13:22:44 IST">
      <class name="DefferentwaysTopost.CreateProjectUsingPOJOClass">
        <test-method status="PASS" signature="createProject()[pri:0, instance:DefferentwaysTopost.CreateProjectUsingPOJOClass@33f88ab]" name="createProject" duration-ms="11087" started-at="2022-09-26T13:22:32 IST" finished-at="2022-09-26T13:22:44 IST">
          <reporter-output>
          </reporter-output>
        </test-method> <!-- createProject -->
      </class> <!-- DefferentwaysTopost.CreateProjectUsingPOJOClass -->
    </test> <!-- Default test -->
  </suite> <!-- Default suite -->
</testng-results>
